INFO:root:date: DECEMBER 19, 2022 schedule: ['\U0001f554  4:00pm - 5:00pm\n', '\U0001f554  7:20pm - 8:40pm\n']
INFO:root:date: DECEMBER 20, 2022 schedule: ['\U0001f554  4:00pm - 5:00pm\n', '\U0001f554  7:20pm - 8:40pm\n']
INFO:root:date: DECEMBER 20, 2022 schedule: ['\U0001f554  4:00pm - 5:00pm\n', '\U0001f554  7:20pm - 8:40pm\n']
INFO:root:date: DECEMBER 20, 2022 schedule: ['\U0001f554  4:00pm - 5:00pm\n', '\U0001f554  7:20pm - 8:40pm\n']
INFO:root:date: DECEMBER 21, 2022 schedule: ['\U0001f554  4:00pm - 5:00pm\n', '\U0001f554  7:20pm - 8:40pm\n']
INFO:root:date: DECEMBER 21, 2022 schedule: ['\U0001f554  4:00pm - 5:00pm\n', '\U0001f554  7:20pm - 8:40pm\n']
INFO:root:date: DECEMBER 22, 2022 schedule: ['\U0001f554  4:00pm - 5:00pm\n', '\U0001f554  7:20pm - 8:40pm\n']
INFO:root:date: DECEMBER 23, 2022 schedule: ['\U0001f554  4:00pm - 5:00pm\n', '\U0001f554  7:20pm - 8:40pm\n']
ERROR:root:date: DECEMBER 24, 2022 schedule: []
ERROR:root:date: DECEMBER 24, 2022 schedule: []
ERROR:root:date: DECEMBER 24, 2022 schedule: [] 
ERROR:root:Error messege
NoneType: None
INFO:root:date: DECEMBER 27, 2022 schedule: ['\U0001f554  3:00pm - 4:00pm\n', '\U0001f554  6:00pm - 7:20pm\n']
INFO:root:date: DECEMBER 27, 2022 schedule: ['3:00pm - 4:00pm', '6:00pm - 7:20pm']
INFO:root:date: DECEMBER 27, 2022 schedule: [{'start': '3:00pm', 'end': '4:00pm'}, {'start': '6:00pm', 'end': '7:20pm'}]
INFO:root:date: DECEMBER 27, 2022 schedule: [{'start': '3:00pm', 'end': '4:00pm'}, {'start': '6:00pm', 'end': '7:20pm'}]
INFO:root:date: DECEMBER 27, 2022 schedule: [{'start': '3:00pm', 'end': '4:00pm'}, {'start': '6:00pm', 'end': '7:20pm'}]
INFO:root:date: DECEMBER 27, 2022 schedule: [{'start': '3:00pm', 'end': '4:00pm'}, {'start': '6:00pm', 'end': '7:20pm'}]
INFO:root:date: DECEMBER 27, 2022 schedule: [{'start': '3:00pm', 'end': '4:00pm'}, {'start': '6:00pm', 'end': '7:20pm'}]
INFO:root:date: DECEMBER 27, 2022 schedule: [{'start': '3:00pm', 'end': '4:00pm'}, {'start': '6:00pm', 'end': '7:20pm'}]
INFO:root:date: DECEMBER 27, 2022 schedule: [{'start': '3:00pm', 'end': '4:00pm'}, {'start': '6:00pm', 'end': '7:20pm'}]
INFO:root:date: DECEMBER 28, 2022 schedule: [{'start': '3:00pm', 'end': '4:00pm'}, {'start': '6:00pm', 'end': '7:20pm'}]
INFO:root:date: DECEMBER 28, 2022 schedule: []
